Build started 6/15/2014 Sunday 12:57:27 AM.
     1>Project "C:\Users\DXDeath\Desktop\Program 4\Program 4\Program 4.vcxproj" on node 2 (Build target(s)).
     1>ClCompile:
         C:\Program Files (x86)\Microsoft Visual Studio 12.0\VC\bin\CL.exe /c /ZI /nologo /W3 /WX- /Od /Oy- /D WIN32 /D _DEBUG /D _CONSOLE /D _LIB /D _UNICODE /D UNICODE /Gm /EHsc /RTC1 /MDd /GS /fp:precise /Zc:wchar_t /Zc:forScope /Fo"Debug\\" /Fd"Debug\vc120.pdb" /Gd /TP /analyze- /errorReport:prompt Source.cpp
         Source.cpp
     1>c:\users\dxdeath\desktop\program 4\program 4\source.cpp(67): warning C4244: 'argument' : conversion from 'double' to 'int', possible loss of data
     1>c:\users\dxdeath\desktop\program 4\program 4\source.cpp(68): warning C4244: 'argument' : conversion from 'double' to 'int', possible loss of data
     1>c:\users\dxdeath\desktop\program 4\program 4\source.cpp(69): warning C4244: 'argument' : conversion from 'double' to 'int', possible loss of data
     1>c:\users\dxdeath\desktop\program 4\program 4\source.cpp(70): warning C4244: 'argument' : conversion from 'double' to 'int', possible loss of data
     1>c:\users\dxdeath\desktop\program 4\program 4\source.cpp(71): warning C4244: 'argument' : conversion from 'double' to 'int', possible loss of data
     1>c:\users\dxdeath\desktop\program 4\program 4\source.cpp(72): warning C4244: 'argument' : conversion from 'double' to 'int', possible loss of data
     1>c:\users\dxdeath\desktop\program 4\program 4\source.cpp(73): warning C4244: 'argument' : conversion from 'double' to 'int', possible loss of data
     1>c:\users\dxdeath\desktop\program 4\program 4\source.cpp(74): warning C4244: 'argument' : conversion from 'double' to 'int', possible loss of data
     1>c:\users\dxdeath\desktop\program 4\program 4\source.cpp(75): warning C4244: 'argument' : conversion from 'double' to 'int', possible loss of data
     1>c:\users\dxdeath\desktop\program 4\program 4\source.cpp(76): warning C4244: 'argument' : conversion from 'double' to 'int', possible loss of data
     1>c:\users\dxdeath\desktop\program 4\program 4\source.cpp(78): warning C4244: '=' : conversion from 'double' to 'int', possible loss of data
     1>c:\users\dxdeath\desktop\program 4\program 4\source.cpp(79): warning C4244: '=' : conversion from 'double' to 'int', possible loss of data
       Link:
         C:\Program Files (x86)\Microsoft Visual Studio 12.0\VC\bin\link.exe /ERRORREPORT:PROMPT /OUT:"C:\Users\DXDeath\Desktop\Program 4\Debug\Program 4.exe" /INCREMENTAL /NOLOGO kernel32.lib user32.lib gdi32.lib winspool.lib comdlg32.lib advapi32.lib shell32.lib ole32.lib oleaut32.lib uuid.lib odbc32.lib odbccp32.lib /MANIFEST /MANIFESTUAC:"level='asInvoker' uiAccess='false'" /manifest:embed /DEBUG /PDB:"C:\Users\DXDeath\Desktop\Program 4\Debug\Program 4.pdb" /SUBSYSTEM:CONSOLE /TLBID:1 /DYNAMICBASE /NXCOMPAT /IMPLIB:"C:\Users\DXDeath\Desktop\Program 4\Debug\Program 4.lib" /MACHINE:X86 Debug\Source.obj
         Program 4.vcxproj -> C:\Users\DXDeath\Desktop\Program 4\Debug\Program 4.exe
     1>Done Building Project "C:\Users\DXDeath\Desktop\Program 4\Program 4\Program 4.vcxproj" (Build target(s)).

Build succeeded.

Time Elapsed 00:00:01.12
